20230508/168359735718:55:57/t069acd0c-0267-422c-b363-aa853c3150f7/tGET/t/css/style.css/tundefined/n20230508/168359736118:56:01/t9319e563-7df2-4371-be3d-813a4acc2df1/tGET/t/dave/tundefined/n20230508/168359736118:56:01/t2acd1b47-c85f-4382-975d-f8e5dbf7e393/tGET/t/css/style.css/tundefined/n20230508/168359736718:56:07/t8c2fbc81-76e0-44c8-98fa-ae00080f9ed9/tGET/t//tundefined/n20230508/168359736718:56:07/t1fe98665-12c2-4e73-945c-6e21f6347dff/tGET/t/css/style.css/tundefined/n20230508/168359742418:57:04	8876f433-bb61-49e5-8a2d-0d0b4993c796	GET	/	undefined
20230508/168359742418:57:04	5bf855ef-d7d0-44af-abb7-5ebbb0b4669c	GET	/css/style.css	undefined
20230509/168365401710:40:17	ab89db44-e055-4f64-a6d3-1c5163f23936	GET	/	undefined
20230509/168365401710:40:17	197f9818-fb04-48a2-ab0d-0538aad7b857	GET	/css/style.css	undefined
20230509/168365401710:40:17	c4500d12-5425-47f5-a63c-a77c00f721e8	GET	/favicon.ico	undefined
20230509/168366441313:33:33	89b17af9-4927-4d0e-9e83-52869b104cf6	GET	/	undefined
20230509/168366441313:33:33	92fd7b7c-e958-4e01-8bd4-8f9c7646ab36	GET	/css/style.css	undefined
20230509/168367330016:01:40	5d7de4bc-3d65-44a5-aa4d-51e54e19291c	GET	/users	undefined
20230509/168367338116:03:01	08c2e3bf-0c27-4dcf-9fdf-db051d620d04	GET	/users	undefined
20230509/168367354016:05:40	b33eda0e-2324-46fd-a484-75c215d8982b	POST	/users	undefined
20230509/168367355316:05:53	6b22ff25-6245-4666-9739-0172cbd32b4c	POST	/users	undefined
20230509/168367355916:05:59	879b20ce-e450-4f21-9fb3-6100b6687274	GET	/users	undefined
20230509/168367661716:56:57	e857b855-44f2-4d86-b9b8-778027b37fd1	GET	/	undefined
20230509/168367661716:56:57	ec2aa58a-c5cf-462d-a844-3e23056637c9	GET	/css/style.css	undefined
20230510/168374620912:16:49	1d4a9e0d-ba7c-4a90-9360-a80841ff702c	GET	/	undefined
20230510/168374620912:16:49	5b6d9e8a-4e73-4319-acfb-710d28ccee5b	GET	/css/style.css	undefined
20230510/168374621612:16:56	96621a1e-c996-4692-9b5d-1ed34d3b1c12	GET	/notes	undefined
20230510/168374621612:16:56	d66764bf-de48-4c64-9d57-d738244bedee	GET	/favicon.ico	undefined
20230511/168384274615:05:46	bb920318-b869-4318-97b4-5698ff2b9569	GET	/favicon.ico	undefined
20230511/168384276715:06:07	2292863f-3434-453d-af83-1a15cad159c7	GET	/	undefined
20230511/168384276715:06:07	0b54fd24-624f-4df3-8870-031b52fd6f62	GET	/css/style.css	undefined
20230511/168384277215:06:12	f0c46937-432b-4aeb-94b7-b30de30c62a8	GET	/dash	undefined
20230511/168384277215:06:12	c925d53d-1296-4bd4-a501-0043f73359cd	GET	/css/style.css	undefined
20230511/168384295115:09:11	4b27ab95-c303-4ca9-bce7-1b2cd4e87992	GET	/dash	undefined
20230511/168384295115:09:11	5497d69c-efa0-42e3-b5ea-13f56cfa40d9	GET	/css/style.css	undefined
20230511/168384337115:16:11	10e04b58-5273-4b67-aa78-895a532e7193	GET	/users	http://localhost:3000
20230511/168384339415:16:34	13e73877-36d7-406a-be91-bc9715c20661	GET	/notes	http://localhost:3000
20230511/168384376215:22:42	299b62aa-a8be-43f1-b4b0-8c3179da223b	GET	/users	undefined
20230511/168384386815:24:28	6f34800a-fe49-46c2-bd39-99d62c078805	POST	/users	undefined
20230511/168384387315:24:33	820e97c7-bf38-42cb-b158-12787771f36e	GET	/users	undefined
20230511/168384389015:24:50	6cdfe8e8-127d-466d-910c-c69864f5a5ef	POST	/users	undefined
20230511/168384389515:24:55	eb68c6f3-4c9e-41e8-91a9-2b38f1f22c22	GET	/users	undefined
20230511/168384391915:25:19	17e313ab-5676-4373-a708-70f5f7cb3a18	GET	/users	http://localhost:3000
20230511/168384392715:25:27	62fabe0b-d1bf-40a7-b985-00348f3a0333	GET	/notes	http://localhost:3000
20230511/168384393515:25:35	2c48f5b2-4d2f-4852-8694-1b68ad0ed7a1	GET	/notes	undefined
20230511/168384413415:28:54	5864cce4-87ab-47ef-b4d6-b9cc34536305	POST	/notes	undefined
20230511/168384424515:30:45	73e97e50-7d0a-4ad5-a7ee-2c96f9be34a0	POST	/notes	undefined
20230511/168384429915:31:39	71b5177a-76cd-4b87-a2bc-0eb088aae8ac	POST	/notes	undefined
20230511/168384439915:33:19	b38555c9-2e0c-4fd6-aa44-2addc0b93bd6	GET	/users	undefined
20230511/168384440915:33:29	6cf4126c-d1bd-482c-b9a1-4de3cf9f877b	GET	/users	undefined
20230511/168384442615:33:46	f3e44a90-29d1-4e97-b236-4cda660081c3	POST	/notes	undefined
20230511/168384447115:34:31	27ec13da-b1bc-4d46-9f1f-522181770ba9	GET	/notes	http://localhost:3000
20230511/168384447515:34:35	98a6e1cc-2978-448a-b69e-8edd427502d9	GET	/users	http://localhost:3000
20230511/168384448615:34:46	30193f59-7d16-48e9-bdc7-45b1e1e181e4	GET	/notes	http://localhost:3000
20230511/168384449115:34:51	60a350f8-81f2-40f0-a39e-201cb224bf92	GET	/notes	http://localhost:3000
20230511/168384452615:35:26	30a15b54-4fe4-4637-b67c-7c7bf58b8eb8	POST	/notes	undefined
20230511/168384470215:38:22	a1a378e0-b3b7-4799-9288-cfdf2f293409	POST	/notes	undefined
20230511/168384472815:38:48	1ba9655f-1f9a-412a-a10d-3c7849f56be4	GET	/users	undefined
20230511/168384475715:39:17	4aa70965-54dd-4513-b09d-27d6bc624138	POST	/notes	undefined
20230511/168384504815:44:08	969cb9d2-5f81-4dd2-b02c-cb895d3c3e5b	POST	/notes	undefined
20230511/168384520915:46:49	d8f8ad3d-0e03-4b43-97ae-99b5fca86fcc	GET	/notes	undefined
20230511/168384527615:47:56	fd02bb54-f31f-489d-b7ec-69f6248e0040	POST	/notes	undefined
20230511/168384530415:48:24	3536cf63-3b06-4d60-a348-020df5082ebb	GET	/users	undefined
20230511/168384533515:48:55	89176ce7-5f4a-4bf1-94a2-35347e578edc	POST	/notes	undefined
20230511/168384534615:49:06	4f1021f7-b35d-4a5a-9326-078bd22789a8	POST	/notes	undefined
20230511/168384535415:49:14	b45cc9b9-23b2-4984-a3d8-e276697f545d	POST	/notes	undefined
20230511/168384570215:55:02	f2d9760b-20fa-42a0-a7aa-bb7e16edfb20	GET	/notes	undefined
20230511/168384571315:55:13	88ea0e28-2bed-40f2-b3f1-b7ff6a63dc57	POST	/notes	undefined
20230511/168384572615:55:26	0d0ffcfa-a6fb-4b19-8481-5b3e3779092c	POST	/notes	undefined
20230511/168384573015:55:30	fed1ce78-a4c8-49ab-a5a4-9485a30232ca	POST	/notes	undefined
20230511/168384589215:58:12	5da55d01-5143-4680-b7d3-6f02400123b1	POST	/users	undefined
20230511/168384589515:58:15	67fb0bb4-4b63-47e6-8e7c-526a623fdcdd	GET	/users	undefined
20230511/168384592815:58:48	5ff369cb-9c7e-4a2e-9b15-422a80998bb9	PATCH	/users	undefined
20230511/168384597315:59:33	f2837ef0-45dc-488e-814d-63d0244534dc	PATCH	/users	undefined
20230511/168384600516:00:05	112e1e9b-d6ac-469b-a45e-646459565f80	PATCH	/users	undefined
20230511/168384601216:00:12	191fec21-478c-4b9b-9337-f0a48e32f22d	GET	/users	undefined
20230511/168384604316:00:43	8cd556d1-5c54-44a3-a979-3859d52f0ccb	GET	/notes	undefined
20230511/168384607616:01:16	fb4be533-ccb5-4f6c-8bae-5eeaa29a1b49	POST	/notes	undefined
20230511/168384615516:02:35	24b0568f-9806-4c0d-bb71-dd2bcc295ee2	POST	/notes	undefined
20230511/168384646916:07:49	7d4989af-4228-4381-9a06-e8b389b01482	DELETE	/users	undefined
20230511/168384647716:07:57	569a2b21-c164-4660-8dff-796884f26d1b	GET	/users	undefined
20230511/168384653116:08:51	c9228c91-d808-47f4-8bae-4f9f606d2d86	GET	/notes	undefined
20230511/168384681316:13:33	fd094b0a-9d9d-408e-81c7-2c46a95b5b57	POST	/notes	undefined
20230511/168384686516:14:25	b7e95fa8-fc9f-4695-ae47-fac05c8b2cbb	POST	/notes	undefined
20230511/168384688916:14:49	f5089185-5431-48e5-925c-5564defd15d2	GET	/users	undefined
20230511/168384690416:15:04	9d65cbf0-4aee-4179-9330-a9445fc226b1	POST	/notes	undefined
20230511/168384700416:16:44	7b348cec-d161-4480-8054-207c86b6441b	POST	/notes	undefined
20230511/168384704616:17:26	3058c724-fb03-49b5-97e2-0c37213f69e7	POST	/notes	undefined
20230511/168384810616:35:06	9dbf114b-672d-4ffd-add8-d20c891e8a45	GET	/notes	undefined
20230511/168384811616:35:16	bb7be048-405c-4200-8cb4-c49775cf55f4	POST	/notes	undefined
20230511/168384827016:37:50	6e828f58-198c-4015-b663-ffd9e9ce22e6	POST	/notes	undefined
20230511/168384832116:38:41	dd6e22b5-ba2d-491d-a936-cbdbb514b750	POST	/notes	undefined
20230511/168384837716:39:37	355b7fa2-191c-446c-8879-dc8576493d28	POST	/notes	undefined
20230511/168384839516:39:55	7b114073-adcb-4f5a-ac78-a577c9d1d268	POST	/notes	undefined
20230511/168384840416:40:04	d8e9b430-642d-4f7b-8884-55816a128f80	POST	/notes	undefined
20230511/168384843916:40:39	fc12f378-aa42-4ab6-a75c-e2b2d1043f1d	POST	/notes	undefined
20230511/168384863616:43:56	c514bd93-b35d-405f-9958-e0397f0b5495	POST	/notes	undefined
20230511/168384867816:44:38	34eb745f-d34e-4ff1-8db1-64cabd7b9670	POST	/notes	undefined
20230511/168384870916:45:09	7d1f260a-3788-4917-bbdc-6a1b005c468d	GET	/notes	undefined
20230511/168384871316:45:13	4f6c568b-9991-4e87-afb9-c2eb5ff24fb2	POST	/notes	undefined
20230511/168384899316:49:53	5aeeabe3-4697-4cc8-af3c-ce316ab492fd	GET	/notes	undefined
20230511/168385455618:22:36	d7e847a0-84b8-4c38-af8b-b4f1b2abd229	GET	/notes	undefined
20230511/168385456518:22:45	38b72672-64d6-4d9f-a24b-f3ab2b0ef262	POST	/notes	undefined
20230511/168385457318:22:53	c46bedf2-8724-4dc1-adf0-c07a31173f6b	POST	/notes	undefined
20230511/168385459318:23:13	ccb0a310-63ec-4735-8613-4d3a3b1aaad4	POST	/notes	undefined
20230511/168385462718:23:47	b702b5cc-f2e5-4ac5-afa7-e28728b1c288	POST	/notes	undefined
20230511/168385470418:25:04	cb2cbe50-9fe7-49bd-bf3f-8cc557fab20e	GET	/notes	undefined
20230511/168385471218:25:12	a6f1ce52-98ef-4bf6-9f3e-fcf53b4372c3	POST	/notes	undefined
20230511/168385491218:28:32	db924c4b-2191-4418-80fd-e43a307ae2c1	POST	/notes	undefined
20230511/168385493518:28:55	5f29bb53-0dc2-4d81-950a-c44f4beccc83	GET	/users	undefined
20230511/168385494218:29:02	b3ccec76-abf9-4b7b-95f6-0f631c2c4b57	GET	/users	undefined
20230511/168385494918:29:09	579cb70c-2a22-4da0-bc11-3727b09f77d2	GET	/users	undefined
20230511/168385496218:29:22	cde74989-16c0-4017-88b4-f37c14f82489	POST	/notes	undefined
20230511/168385500118:30:01	3c615ca8-78dc-4d30-8ba6-2a3791049fba	POST	/notes	undefined
20230511/168385500818:30:08	2dbf5dff-d4a8-483f-9736-53f66926a013	GET	/notes	undefined
20230511/168385501218:30:12	33960975-a3e4-478d-9545-9ac269869b86	POST	/notes	undefined
20230511/168385504418:30:44	7a3f6ae8-6f8d-4593-a548-4489f6be4199	PATCH	/notes	undefined
20230511/168385504918:30:49	f852900f-1210-40c1-9875-7f0f624f02f2	POST	/notes	undefined
20230511/168385931119:41:51	d2cf4ba2-f573-487e-829f-21a8152a9e50	POST	/notes	undefined
20230511/168385931819:41:58	2d9b820c-3d31-4606-bab3-2d82f22b6210	GET	/notes	undefined
20230511/168385932419:42:04	7003077a-f760-4caf-be07-b0027e4c73dc	POST	/notes	undefined
20230511/168385941519:43:35	c27f14be-d283-4f22-934d-241954023951	GET	/notes	undefined
20230511/168385942119:43:41	5584af1c-8431-4b07-b865-b2fef86571f4	GET	/users	undefined
20230511/168385943319:43:53	7987be4f-835e-464e-aafd-e0bb045bb326	GET	/notes	http://localhost:3000
20230511/168385943719:43:57	420a493a-9419-4a74-8f94-fba129508db0	GET	/users	http://localhost:3000
20230512/168392247013:14:30	108b3322-ec91-4007-b7a9-e46b6dde8a75	GET	/notes	http://localhost:3000
20230512/168392247213:14:32	74c4b3a1-3622-436d-b6ec-2aad96a0c6dd	GET	/users	http://localhost:3000
20230512/168392252513:15:25	ebd2ad24-3344-48d8-9670-73e1a1ec3457	GET	/users	http://localhost:3000
20230512/168392284813:20:48	5267543d-5b15-472f-947a-19b91a29d13f	GET	/users	http://localhost:3000
20230512/168392287813:21:18	f561d4c2-8f6f-4d41-b3a8-9e60542fb31a	GET	/users	http://localhost:3000
20230512/168392290913:21:49	f73d25a3-5d3c-4ed1-aea1-1059e42a61d8	GET	/users	http://localhost:3000
20230512/168392293313:22:13	9f130263-9766-41f6-bbd4-03e2998b3d3a	GET	/users	http://localhost:3000
20230512/168392300313:23:23	2e7836ff-296c-4683-b85b-951d92ff7515	GET	/notes	http://localhost:3000
20230512/168392300313:23:23	5ddbc80b-194d-4e71-bfb4-c5d93cc461ce	GET	/users	http://localhost:3000
20230512/168392301013:23:30	4bb61397-5cfa-4296-ae6f-ce2a4138186b	GET	/notes	http://localhost:3000
20230512/168392301013:23:30	4e1d746f-7e62-4d6a-8173-8c691f213e92	GET	/users	http://localhost:3000
20230512/168392301313:23:33	2df71476-0853-40d4-b320-00bd6a55c5e6	GET	/notes	http://localhost:3000
20230512/168392301313:23:33	edf8929f-bedd-492c-851f-88e2897956fd	GET	/users	http://localhost:3000
20230512/168392303313:23:53	c9db0144-3182-4558-a16e-7fa43befa268	OPTIONS	/users	http://localhost:3000
20230512/168392303313:23:53	d34c6a81-bd94-4dd6-ab28-217257ce97de	PATCH	/users	http://localhost:3000
20230512/168392303313:23:53	80c94649-0909-4cc2-a354-5ecc8282cd0e	GET	/users	http://localhost:3000
20230512/168392306513:24:25	0a7a2970-6f56-455c-9e7e-8353352c75c6	OPTIONS	/users	http://localhost:3000
20230512/168392306513:24:25	d33c01da-a804-4048-a9d2-cab3438305a3	PATCH	/users	http://localhost:3000
20230512/168392306513:24:25	2129439f-d105-4644-8750-f50f8f7464d1	GET	/users	http://localhost:3000
20230512/168392307113:24:31	b1d764d0-b6fd-4b43-be94-d4fed1110b94	OPTIONS	/users	http://localhost:3000
20230512/168392307113:24:31	d4bd97e7-e59a-48ef-a250-bcf2122edc4b	PATCH	/users	http://localhost:3000
20230512/168392307213:24:32	0670f5e4-20da-4d59-af41-d7920e89d2e4	GET	/users	http://localhost:3000
20230512/168392307413:24:34	cefd100e-adec-451b-8c0f-c8001cde2d70	GET	/notes	http://localhost:3000
20230512/168392307813:24:38	6d5aca5f-eec2-4e92-af35-5409ca0d37a9	GET	/notes	http://localhost:3000
20230512/168392309013:24:50	41ef362b-67ab-4e0c-a762-556b3d215cd4	GET	/notes	http://localhost:3000
20230512/168392309013:24:50	f524fcf0-79b4-4fbd-9172-8b8ef77720bf	GET	/users	http://localhost:3000
20230512/168392311613:25:16	baecc00c-0998-4bc0-9992-0bee850fa225	GET	/notes	http://localhost:3000
20230512/168392311613:25:16	4183d361-dcb8-4bc6-98aa-658811397e4e	GET	/users	http://localhost:3000
20230512/168392313013:25:30	b40826fd-17f2-4a2f-abee-9aa5b6ff6e7e	OPTIONS	/users	http://localhost:3000
20230512/168392313013:25:30	acd60c1d-a1c0-413f-8d37-03ed27d48206	POST	/users	http://localhost:3000
20230512/168392313013:25:30	e764c99b-4364-4bb9-9d73-180300344ff8	GET	/users	http://localhost:3000
20230512/168392314113:25:41	1926ac33-764b-4942-a338-f177d5193183	OPTIONS	/users	http://localhost:3000
20230512/168392314113:25:41	6a97e7fd-6608-4008-ad2b-51682cbaf31c	DELETE	/users	http://localhost:3000
20230512/168392314213:25:42	96ee01c4-e10a-4ed3-96ae-0a5c5ccbdc6a	GET	/users	http://localhost:3000
20230512/168392321813:26:58	e0d2d165-6f1d-4d6d-9778-fcfe42a59fab	GET	/notes	http://localhost:3000
20230512/168392321813:26:58	34d6c321-8878-44f7-a208-9787fec7bc5d	GET	/users	http://localhost:3000
20230512/168392326513:27:45	53662082-415e-4157-98e8-71d19b1de215	GET	/users	http://localhost:3000
20230512/168392327713:27:57	6aa38e70-a964-4247-8337-803d65456176	GET	/users	http://localhost:3000
20230512/168392331613:28:36	41ae8671-a89b-4298-b2f4-08ddc588843f	GET	/users	http://localhost:3000
20230512/168392332013:28:40	daf62b21-b5f6-4de4-b564-4d24d1fbca0f	GET	/users	http://localhost:3000
20230512/168392332013:28:40	dc6124a7-0adb-4921-84b2-c42488ffd3ad	GET	/notes	http://localhost:3000
20230512/168392332013:28:40	b22530f0-4f14-4ab6-b385-fae475085cac	GET	/users	http://localhost:3000
20230512/168392332413:28:44	6b9f0818-94d4-4047-afec-23b9eff79b18	GET	/notes	http://localhost:3000
20230512/168392333713:28:57	45608605-9d40-4ed7-8d5e-2859d7f2591c	GET	/notes	http://localhost:3000
20230512/168392333713:28:57	e4a20bc5-c737-49f9-beef-86586f6cec6b	GET	/users	http://localhost:3000
20230512/168392335213:29:12	1d63aa82-e4d7-48a3-8d7f-4d17ad96f298	GET	/notes	http://localhost:3000
20230512/168392335913:29:19	56751e28-e0b3-465f-8f78-6e9e15af2e1a	GET	/notes	http://localhost:3000
20230512/168392336313:29:23	2640aa6f-5538-47f9-8180-d23de5c2f53a	GET	/notes	http://localhost:3000
20230512/168392342213:30:22	37896b59-a86e-4b28-9c4b-9a7531e2e444	GET	/notes	undefined
20230512/168392342813:30:28	48ac6f48-6071-4ad2-94b4-780c0c6728cb	POST	/notes	undefined
20230512/168392365513:34:15	b8dd89bf-97b9-4d16-9972-ed6c4949af98	GET	/notes	undefined
20230512/168392396213:39:22	748748c7-a881-487d-bfd5-0811cd881fdd	GET	/notes	undefined
20230512/168392396613:39:26	4b579421-ed92-4371-a865-59aac18901d4	POST	/notes	undefined
20230512/168392397513:39:35	b85523f4-ebf3-4e37-83b6-e64ba4bb9bb5	GET	/notes	undefined
20230512/168392407113:41:11	45b22047-ec81-4778-aae2-89be23375f08	POST	/notes	undefined
20230512/168392407913:41:19	2283c494-4d83-44d4-af18-aff077350400	GET	/notes	undefined
20230512/168392408913:41:29	01ce9f37-4a1a-46a2-87e9-a6da43235a7b	POST	/notes	undefined
20230512/168392409413:41:34	1d12a626-b940-4def-99bf-9514d712e524	GET	/notes	undefined
20230512/168392411313:41:53	19eea95e-c97a-496a-9344-8c566ad11dd5	PATCH	/notes	undefined
20230512/168392411913:41:59	7e1b9ee3-b5f8-4e13-8a98-43b4e379e5f6	GET	/notes	undefined
20230512/168392413713:42:17	3be4e101-55ac-4779-a0e0-f4a8f67d8b7c	PATCH	/notes	undefined
20230512/168392414313:42:23	8c0589f6-04a6-4df0-8005-e75741b54f08	GET	/notes	undefined
20230512/168392419813:43:18	335508bf-7830-4860-8cbe-76441fdc3c1c	PATCH	/notes	undefined
20230512/168392423113:43:51	ae901c63-3521-49d8-b3dd-423c42d8e932	GET	/notes	undefined
20230512/168392431313:45:13	f834171e-a6a2-43b2-9ef1-6087718e4268	PATCH	/notes	undefined
20230512/168392432413:45:24	9cebfa7b-5b44-4039-a234-102589a49d23	GET	/notes	undefined
20230512/168392443613:47:16	a284de42-d740-4c15-b919-bc7892ed20b0	PATCH	/notes	undefined
20230512/168392444113:47:21	8ee6920b-eefc-4332-9584-b36bf3d57bfb	GET	/notes	undefined
20230512/168392474213:52:22	69fbf55b-80a0-49eb-a71f-ecfbac9103eb	GET	/notes	http://localhost:3000
20230512/168392474213:52:22	4173931a-232a-4537-84ef-71019eb1f818	GET	/users	http://localhost:3000
20230512/168392474313:52:23	556902e9-2858-4947-9316-164c61a68c1d	GET	/notes	http://localhost:3000
20230512/168392474313:52:23	0940102f-2a47-4027-af4a-af853ffe3861	GET	/users	http://localhost:3000
20230512/168392474913:52:29	e35d3295-2924-492f-a53e-de295323533a	GET	/notes	http://localhost:3000
20230512/168392474913:52:29	4a5e9a7d-59b0-4ba3-ae6b-3a10f6d9310f	GET	/users	http://localhost:3000
20230512/168392475113:52:31	80c5c9ae-0846-439d-ab5b-1c133b901a36	GET	/notes	http://localhost:3000
20230512/168392476613:52:46	19d10d97-a26e-4fff-9031-a31a23f0f493	GET	/notes	http://localhost:3000
20230512/168392478113:53:01	43c5f526-a3b6-406c-b517-64fc23860cf5	GET	/notes	http://localhost:3000
20230512/168392479313:53:13	3a4deb11-3c15-472a-a5ad-3c2ed11e20d1	GET	/notes	http://localhost:3000
20230512/168392480413:53:24	0b07a0a3-19af-462f-a575-baadac410dfa	GET	/notes	http://localhost:3000
20230512/168392480813:53:28	2592dd64-0105-4b6c-b62b-8dee98986ec0	GET	/notes	http://localhost:3000
20230512/168392481413:53:34	6c6c788b-ccf5-45a5-a04a-c94bd4e004d3	GET	/notes	http://localhost:3000
20230512/168392482913:53:49	cec9d823-287a-4043-b6c6-53fe1a50c5d0	GET	/notes	http://localhost:3000
20230512/168392484613:54:06	42065ccf-d7c3-41c3-bc1b-9b0f4f30e866	GET	/notes	http://localhost:3000
20230512/168392486213:54:22	8665516c-342a-42b1-b394-8c41ac0a9a30	GET	/notes	http://localhost:3000
20230512/168392487813:54:38	a5e1f459-54a8-4722-b70c-5766372b3250	GET	/notes	http://localhost:3000
20230512/168392489613:54:56	277c28f0-4528-48b0-a214-e32543e7dfe8	GET	/notes	http://localhost:3000
20230512/168392491313:55:13	6365199c-2276-4e1b-af1d-debf5ed345b0	GET	/notes	http://localhost:3000
20230512/168392493613:55:36	fe34d918-7c03-4772-83ae-12bc53056806	GET	/notes	http://localhost:3000
20230512/168392495913:55:59	35f74ea9-717b-459a-a4ab-3288ec49ec2b	GET	/notes	http://localhost:3000
20230512/168392497713:56:17	63524281-1af3-4908-852a-a758518442a3	GET	/notes	http://localhost:3000
20230512/168392500113:56:41	9f85365d-bba7-4502-b086-c3983413a9f3	GET	/notes	http://localhost:3000
20230512/168392502113:57:01	41dded32-5f1b-476e-a6fb-cb53a807bc72	GET	/notes	http://localhost:3000
20230512/168392503813:57:18	df7a0c9e-49d1-4bee-ae9f-085ab4d859f6	GET	/notes	http://localhost:3000
20230512/168392505613:57:36	10ba5e07-0939-436c-8d43-fb717bf9bc48	GET	/notes	http://localhost:3000
20230512/168392507613:57:56	9f648022-0755-444a-8fa2-71d3ac1e1833	GET	/notes	http://localhost:3000
20230512/168392508013:58:00	47e7e91f-5c46-4f67-9c7f-dcb22eeb5c93	GET	/notes	http://localhost:3000
20230512/168392509613:58:16	56140c51-9da7-4a2d-9efc-9686e5419f50	GET	/notes	http://localhost:3000
20230512/168392511313:58:33	f2921671-2d77-4777-9b5e-4d8def13b2cd	GET	/notes	http://localhost:3000
20230512/168392512813:58:48	437924a8-279a-42f2-9608-a66f27cda2cf	GET	/notes	http://localhost:3000
20230512/168392514513:59:05	b092e900-c1b2-469b-bf0e-9b12d613445a	GET	/notes	http://localhost:3000
20230512/168392516113:59:21	bb36ef9c-28bd-4b92-9b1a-6d9797ffc33e	GET	/notes	http://localhost:3000
20230512/168392518013:59:40	8ae3b5f2-7542-4566-ab62-5588ef10e7be	GET	/notes	http://localhost:3000
20230512/168392520414:00:04	be8b23fd-8a5d-4b74-800a-d083d18b04b1	GET	/notes	http://localhost:3000
20230512/168392522414:00:24	64d6a8c0-06c0-4fdb-b5ec-4be30069aa65	GET	/notes	http://localhost:3000
20230512/168392524014:00:40	334be6af-bba0-4e0c-a2c2-12852a75d3d6	GET	/notes	http://localhost:3000
20230512/168392525714:00:57	68f3b88f-7e1a-43f7-a638-f86cd6d81f56	GET	/notes	http://localhost:3000
20230512/168392527214:01:12	49a92674-eb47-4193-a081-33831fb289ce	GET	/notes	http://localhost:3000
20230512/168392529614:01:36	d4521e79-0cf0-4262-9c1b-33a9d0395ccd	GET	/notes	http://localhost:3000
20230512/168392531214:01:52	918ef26b-f66b-49bc-b692-6bcd262f1311	GET	/notes	http://localhost:3000
20230512/168392532714:02:07	dae76d2c-8d3e-40da-b5ed-1883dd2a6e17	GET	/notes	http://localhost:3000
20230512/168392533014:02:10	8ec816e0-3efe-4c8e-8bd5-e11d167697fe	GET	/notes	http://localhost:3000
20230512/168392535214:02:32	5c1a3421-6343-4b0d-855d-dddd44755bfb	OPTIONS	/notes	http://localhost:3000
20230512/168392535214:02:32	666a9a1e-7e57-4dc8-b71a-808911cf7ddc	POST	/notes	http://localhost:3000
20230512/168392535214:02:32	96128ab9-1fec-4e75-8985-51cd323036dd	GET	/notes	http://localhost:3000
20230512/168392536114:02:41	f241374f-ce45-417e-97cd-aaafe5d52aa0	GET	/notes	http://localhost:3000
20230512/168392537014:02:50	a3ef21f4-265d-46c6-8b3f-7b3377da23cb	GET	/notes	http://localhost:3000
20230512/168392537014:02:50	47de2997-d7cc-488c-8804-89d56329a87e	GET	/users	http://localhost:3000
20230512/168392537814:02:58	7992fec2-c599-4344-875c-f97ddb18a750	GET	/notes	http://localhost:3000
20230512/168392537814:02:58	79ea2321-a273-4e2d-9c4b-290b6026385d	GET	/users	http://localhost:3000
20230512/168392538614:03:06	4880c1d0-f099-4dd2-b276-6199af0e757f	GET	/notes	http://localhost:3000
20230512/168392538614:03:06	2fc68da9-ea8e-4eeb-9c8b-533399cd8fc0	GET	/users	http://localhost:3000
20230512/168392539014:03:10	08b3b8e4-ac4a-4225-b2a8-9222a93def71	GET	/notes	http://localhost:3000
20230512/168392539014:03:10	1fdb3f30-13d7-46f0-baa9-de43ea40cae3	GET	/notes	http://localhost:3000
20230512/168392539014:03:10	75b3b050-e366-42da-b0ae-a188aabe814c	GET	/users	http://localhost:3000
20230512/168392539414:03:14	a28ece59-033b-4462-839e-f91b2c53c535	GET	/users	http://localhost:3000
20230512/168392539414:03:14	b1e847c0-7be3-4e8e-a96c-518e5f1ac5ea	GET	/users	http://localhost:3000
20230512/168392539414:03:14	6643b79a-1337-4bfd-94e4-5e540e2d2aed	GET	/notes	http://localhost:3000
20230512/168392540414:03:24	007c8a5d-b727-424a-bbdc-7c713b2f1b48	GET	/notes	http://localhost:3000
20230512/168392540614:03:26	e53de86c-a34f-4c75-87ac-512a8ab0eb5e	GET	/users	http://localhost:3000
20230512/168392562114:07:01	f1e97947-e9f6-49db-a049-a99a97444764	GET	/notes	http://localhost:3000
20230512/168392562614:07:06	37093184-fde3-4833-a260-50faf4f828f4	GET	/users	http://localhost:3000
20230512/168393469516:38:15	df522650-90bc-48d5-ad1c-dd743cd69d9b	POST	/auth	undefined
20230512/168393474316:39:03	8b31bb3c-96a2-4b58-a706-950243d76eb4	POST	/auth	undefined
20230512/168393479816:39:58	339f92f7-66be-439e-9568-5bee7bfd28b8	GET	/users	undefined
20230512/168393480216:40:02	cd6d2855-24b9-4cf8-bf39-3bca4382c52e	GET	/users	undefined
20230512/168393485116:40:51	0b54a67e-ba42-4a36-8dda-4cc617deab39	GET	/users	undefined
20230512/168393489916:41:39	051b336c-9ea0-48b2-85ef-e7564c46052f	GET	/users	undefined
20230512/168393495416:42:34	3e0c1eb9-d0d4-4a34-817c-de6044cd725d	POST	/auth	undefined
20230512/168393495816:42:38	f8496cd8-c083-4284-87c6-ce50708c374a	GET	/auth	undefined
20230512/168393499016:43:10	67dd64bc-59c8-470b-a1ba-6ede566606ef	POST	/auth	undefined
20230512/168393509716:44:57	1ebab8fd-b0aa-4aa3-b36e-2a4eda0ee035	GET	/refresh	undefined
20230512/168393510916:45:09	242ddb0a-9d41-40d7-9f06-c91377d4e095	GET	/auth/refresh	undefined
20230512/168393515016:45:50	70dd0b89-f93c-4603-9978-1aaceeca1e2e	GET	/auth/refresh	undefined
20230512/168393516716:46:07	aaeb7a02-1ad8-4477-879b-c28d8a8ea39e	GET	/auth/logout	undefined
20230512/168393517916:46:19	fcc8d6a7-c13e-451c-865f-f5508fb2d270	POST	/auth/logout	undefined
20230512/168393520016:46:40	0bb52102-a58c-4691-a471-32c01913688c	POST	/auth	undefined
20230512/168393526116:47:41	d59b2c89-6ab5-4ab4-9064-fdebc4061379	GET	/notes	undefined
20230515/168418923115:20:31	d8f86556-0823-40a4-9db8-c942b20f0143	OPTIONS	/auth	http://localhost:3000
20230515/168418923115:20:31	c8475c97-a76f-4cbd-ab74-2fddfcd08d8c	POST	/auth	http://localhost:3000
20230515/168418923115:20:31	ac841071-492e-40f4-923c-7d7bc19dd9fb	GET	/users	http://localhost:3000
20230515/168418923115:20:31	19e901c2-b8e6-499a-8660-14ff7bde2ed3	GET	/notes	http://localhost:3000
20230515/168418926915:21:09	205be170-db4b-4d4b-aba2-ff822d9d9f0b	GET	/notes	http://localhost:3000
20230515/168418927715:21:17	0b9b9cc0-deaf-4c6f-8657-e2c0ffd44ac6	GET	/users	http://localhost:3000
20230515/168418932215:22:02	4a2fcf2a-d55e-42b7-9187-96f6ef9b4c82	GET	/notes	http://localhost:3000
20230515/168418932215:22:02	499af3e0-6041-4480-9c9a-4b015dcf9407	GET	/users	http://localhost:3000
20230515/168418984215:30:42	1c268f5b-9f60-4178-bed3-addb449d10e3	GET	/notes	http://localhost:3000
20230515/168418984215:30:42	671c309a-1392-45d2-b67e-c95fbc948099	GET	/users	http://localhost:3000
20230515/168419089315:48:13	9086114d-3737-4796-a288-66f1cab106a2	POST	/auth/logout	http://localhost:3000
20230515/168419090215:48:22	9ed8ed5c-647b-43d8-b7b0-00b59fc40ce4	OPTIONS	/auth	http://localhost:3000
20230515/168419090215:48:22	8b841940-466a-4e91-b472-204a1cd0569d	POST	/auth	http://localhost:3000
20230515/168419090215:48:22	b8c720f7-9e14-4e78-b60a-a1521425f126	OPTIONS	/notes	http://localhost:3000
20230515/168419090215:48:22	ccae2623-790b-48e6-bd49-9a75e38febf2	OPTIONS	/users	http://localhost:3000
20230515/168419090215:48:22	4c151727-e615-4069-8404-ee54a4888b4c	GET	/notes	http://localhost:3000
20230515/168419090215:48:22	766388e6-71a2-4d80-b8c5-497fedab42ce	GET	/users	http://localhost:3000
20230515/168419097015:49:30	8c5c6724-966d-4bc5-a22d-435b3a02ff69	OPTIONS	/notes	http://localhost:3000
20230515/168419097015:49:30	0b6982ac-0e82-4724-8b08-848b03805365	GET	/notes	http://localhost:3000
20230515/168419098615:49:46	de748219-71ae-4244-b824-9495f304f83e	OPTIONS	/notes	http://localhost:3000
20230515/168419098615:49:46	29ba77c9-f032-4e42-9a22-e31277089ad1	GET	/notes	http://localhost:3000
20230515/168419099715:49:57	548b0402-534e-4d51-8434-53e4363cb411	OPTIONS	/users	http://localhost:3000
20230515/168419099715:49:57	5d2d8071-aaf5-472d-87a0-7f11caa45cca	GET	/users	http://localhost:3000
20230515/168419215816:09:18	9562012b-8f8a-4aa7-aae3-b8e08014b47d	OPTIONS	/auth/logout	http://localhost:3000
20230515/168419215816:09:18	40951988-bb59-414e-bd69-62154181f0ad	POST	/auth/logout	http://localhost:3000
20230515/168419216716:09:27	ae1548c0-aeed-4b1c-ae9c-96b4f5670097	OPTIONS	/auth	http://localhost:3000
20230515/168419216716:09:27	bb3ecbde-0d97-471d-8379-6f0613623254	POST	/auth	http://localhost:3000
20230515/168419216816:09:28	67c9cb1d-5e21-49e3-a987-60b065053404	OPTIONS	/notes	http://localhost:3000
20230515/168419216816:09:28	11d51d39-ab63-487c-aaf6-4db443679396	OPTIONS	/users	http://localhost:3000
20230515/168419216816:09:28	9a958f02-7357-4216-b920-97e3ca5cb887	GET	/notes	http://localhost:3000
20230515/168419216816:09:28	66330e67-de71-4330-a21b-be66c6f8d79b	GET	/users	http://localhost:3000
20230515/168419220316:10:03	de02eeee-b353-4e42-a237-6bbea5eee117	OPTIONS	/notes	http://localhost:3000
20230515/168419220316:10:03	4dc2fb1d-9cdc-4918-b41a-996b9fc8b08a	GET	/notes	http://localhost:3000
20230515/168419286816:21:08	3dd25b9b-48b8-4d0d-801b-aa27ab1f508b	GET	/notes	http://localhost:3000
20230515/168419286816:21:08	9fc882fe-c84f-442c-a484-29adeaa6f87e	GET	/users	http://localhost:3000
20230515/168419287316:21:13	b58e21a0-b53d-4a69-a83a-8bbdc1704b93	POST	/auth/logout	http://localhost:3000
20230515/168419288216:21:22	8953ace9-d532-4f4e-a0ea-a6ccaa0a2a73	OPTIONS	/auth	http://localhost:3000
20230515/168419288216:21:22	74bbcfaf-4997-4a13-ab70-d7908ccb29af	POST	/auth	http://localhost:3000
20230515/168419288316:21:23	f1e8f01f-6845-44c3-8e10-783dfb922e79	OPTIONS	/notes	http://localhost:3000
20230515/168419288316:21:23	18faa9b7-9919-4985-94a5-814567f9c8f4	OPTIONS	/users	http://localhost:3000
20230515/168419288316:21:23	982dda0c-5957-440c-aa17-caff0015b9ce	GET	/notes	http://localhost:3000
20230515/168419288316:21:23	001363cb-d68c-415a-ac8f-e0748f1fac11	GET	/users	http://localhost:3000
20230515/168419288716:21:27	a24621c0-b5c9-4074-9833-8cbde5d5035e	OPTIONS	/auth/logout	http://localhost:3000
20230515/168419288716:21:27	d9b36c00-f6bf-4381-991c-ad2b21efa925	POST	/auth/logout	http://localhost:3000
20230515/168419289616:21:36	9748c98e-ff42-4e87-8b7c-231a2cf74532	OPTIONS	/auth	http://localhost:3000
20230515/168419289616:21:36	cd56ff6d-5583-421e-9e94-fbaa298d39f7	POST	/auth	http://localhost:3000
20230515/168419289616:21:36	b2923793-1f3b-4612-b9cc-91a98cc46a64	OPTIONS	/notes	http://localhost:3000
20230515/168419289616:21:36	a01bdd5d-9d11-4a1e-907a-7dbdaf76c3c2	OPTIONS	/users	http://localhost:3000
20230515/168419289616:21:36	36b82d0b-0ad7-4d3c-bcf4-38b22f12af06	GET	/notes	http://localhost:3000
20230515/168419289616:21:36	e44b348b-cb62-4a7b-9bec-71e7552db111	GET	/users	http://localhost:3000
20230515/168419290116:21:41	7ba94876-f1ed-47b8-8815-2dd58e3a2388	OPTIONS	/auth/logout	http://localhost:3000
20230515/168419290116:21:41	c99cca53-ad89-4717-bf4f-f02e6591d76f	POST	/auth/logout	http://localhost:3000
20230515/168419302116:23:41	bb4d4223-c815-44e2-b236-52e76899eeac	OPTIONS	/auth	http://localhost:3000
20230515/168419302116:23:41	bf90b2c2-fd29-4960-9c7a-9f2eea29bcf3	POST	/auth	http://localhost:3000
20230515/168419302116:23:41	da1f5b41-cda9-494c-8909-b0921f1575c8	OPTIONS	/notes	http://localhost:3000
20230515/168419302116:23:41	0b7590e7-e322-4fe7-b8a6-6d1ca22af480	OPTIONS	/users	http://localhost:3000
20230515/168419302116:23:41	a9663594-08ac-4662-a60c-860e6f02267f	GET	/notes	http://localhost:3000
20230515/168419302116:23:41	c8ddf1a8-8695-45c9-8026-8f61b8c8bda7	GET	/users	http://localhost:3000
20230515/168419302716:23:47	06700785-d013-4946-9621-2401c2bdf3b0	OPTIONS	/auth/logout	http://localhost:3000
20230515/168419302716:23:47	fb33ea15-54c9-4648-b99d-a9e9e1b9ef4f	POST	/auth/logout	http://localhost:3000
20230515/168419303516:23:55	6c9813f3-1b9a-4292-acd6-8b8250f38618	OPTIONS	/auth	http://localhost:3000
20230515/168419303516:23:55	c2b3c90a-202b-4fe3-a0ac-2cc58f846476	POST	/auth	http://localhost:3000
20230515/168419304916:24:09	ec3e60a7-95ec-4636-9361-20bf9fba1776	OPTIONS	/auth	http://localhost:3000
20230515/168419304916:24:09	8bea90a1-dc91-4040-8a56-80b63489088f	POST	/auth	http://localhost:3000
20230515/168419304916:24:09	f8bf40c6-56ff-42ef-bb3e-b1b59c2fe507	OPTIONS	/notes	http://localhost:3000
20230515/168419304916:24:09	06fbc3ba-5b33-4014-80d6-09f73adbd30f	OPTIONS	/users	http://localhost:3000
20230515/168419304916:24:09	00faa64e-a3cb-41dd-bedc-bf998f19a28e	GET	/notes	http://localhost:3000
20230515/168419304916:24:09	7664c28d-5b4b-4c22-a7f9-54e0f9bdb555	GET	/users	http://localhost:3000
20230515/168419306116:24:21	db5b439d-2819-4022-a65a-bfe45aa3ee9f	OPTIONS	/users	http://localhost:3000
20230515/168419306116:24:21	6ee02133-115e-4c55-a9a2-419d6691f7d2	POST	/users	http://localhost:3000
20230515/168419306116:24:21	2a9e6c78-f608-48eb-92ae-1de5f205df55	GET	/users	http://localhost:3000
20230515/168419306116:24:21	be022205-0000-42e3-b7e7-0ddb27d86ca2	GET	/users	http://localhost:3000
20230515/168419306316:24:23	46654b00-063a-45a7-97bd-1774a2c94948	GET	/users	http://localhost:3000
20230515/168419306516:24:25	b8c69cac-8766-417d-bf62-e63d6f195805	OPTIONS	/auth/logout	http://localhost:3000
20230515/168419306516:24:25	3329b745-6c3c-44ec-aa40-f05913526511	POST	/auth/logout	http://localhost:3000
20230515/168419307116:24:31	222d5593-9304-45e4-8117-5733026eb647	OPTIONS	/auth	http://localhost:3000
20230515/168419307116:24:31	8b4a12b6-7b62-4e91-b336-1b25c546a09c	POST	/auth	http://localhost:3000
20230515/168419307216:24:32	83309882-54c5-465f-aaf0-34be46f514b0	OPTIONS	/notes	http://localhost:3000
20230515/168419307216:24:32	c25b18f2-1299-468c-8e2b-08b6f4ca6ab6	OPTIONS	/users	http://localhost:3000
20230515/168419307216:24:32	7008d23f-5e87-4913-913d-7c07aa6b78b9	GET	/notes	http://localhost:3000
20230515/168419307216:24:32	2ab00b1d-9189-43a3-9ceb-3f53e56c5dbc	GET	/users	http://localhost:3000
20230515/168419307416:24:34	a9f10591-09d4-48c5-ad37-9e31be28c2db	OPTIONS	/auth/logout	http://localhost:3000
20230515/168419307416:24:34	7b214c99-d71d-4eb4-84d7-416aa1d8dd7d	POST	/auth/logout	http://localhost:3000
20230516/168427149114:11:31	de955b29-f588-432a-9326-1a2ad83c0612	OPTIONS	/auth	http://localhost:3000
20230516/168427149114:11:31	856115c6-f3a8-47c4-9cdd-22fba05b4358	POST	/auth	http://localhost:3000
20230516/168427149114:11:31	6aa7d560-4fa6-4f92-93fa-bc32c2c31d91	OPTIONS	/notes	http://localhost:3000
20230516/168427149114:11:31	ef96191d-4c36-4c97-a44a-0d8d21468669	OPTIONS	/users	http://localhost:3000
20230516/168427149114:11:31	924db525-f3cc-4c5c-800f-b260df28f0f1	GET	/notes	http://localhost:3000
20230516/168427149114:11:31	a3c82e5c-2ce3-44aa-bbd6-590dd0b4d0aa	GET	/users	http://localhost:3000
20230516/168427149814:11:38	a89f1211-d8d6-4e48-9127-482d7aca1939	OPTIONS	/notes	http://localhost:3000
20230516/168427149814:11:38	da82429c-633a-47a7-9d10-33d42d2af988	GET	/notes	http://localhost:3000
20230516/168427150214:11:42	f04cd712-8b41-4aae-a611-334dc6974f8f	GET	/notes	http://localhost:3000
20230516/168427150614:11:46	e9071bf7-1715-4191-891c-1c673a1917e7	OPTIONS	/users	http://localhost:3000
20230516/168427150614:11:46	9f789dcb-2ec2-4535-81ec-39f77d535760	GET	/users	http://localhost:3000
20230516/168427151014:11:50	92cf4290-40fe-44d4-9003-6b1865d66c70	OPTIONS	/auth/logout	http://localhost:3000
20230516/168427151014:11:50	c8e7354a-860d-4952-ae6a-1de2517a5bc8	POST	/auth/logout	http://localhost:3000
20230516/168427151814:11:58	1763a0a3-b7f2-4db5-8796-df6626017b06	OPTIONS	/auth	http://localhost:3000
20230516/168427151814:11:58	53062958-1180-42e2-b2a7-5e3f42ee3abe	POST	/auth	http://localhost:3000
20230516/168427151814:11:58	69623743-d072-472f-8710-261eb1e3196f	OPTIONS	/notes	http://localhost:3000
20230516/168427151814:11:58	e35b3282-f082-4d9e-87c5-313fc0e75015	OPTIONS	/users	http://localhost:3000
20230516/168427151814:11:58	8ba06da2-766f-405e-b176-ea180e2c96fe	GET	/notes	http://localhost:3000
20230516/168427151814:11:58	49d7745f-f2d2-45dc-94df-3f6adc885a2c	GET	/users	http://localhost:3000
20230516/168427152314:12:03	aff40ce1-beb4-4514-a0b3-30c3934ab0c5	GET	/notes	http://localhost:3000
20230516/168427153914:12:19	0f9e1ab8-01b8-4ad9-a0b4-5ebe04c81c87	OPTIONS	/notes	http://localhost:3000
20230516/168427153914:12:19	9d772e49-161e-4191-9376-d3b2f6133ff3	GET	/notes	http://localhost:3000
20230516/168427155514:12:35	76c1a144-6815-4e53-a869-68c590ca75db	OPTIONS	/notes	http://localhost:3000
20230516/168427155514:12:35	e32b1568-f84c-462a-a999-bf654521d017	GET	/notes	http://localhost:3000
20230516/168427157114:12:51	48332c88-fde2-4553-9bea-3a774e2801a4	OPTIONS	/notes	http://localhost:3000
20230516/168427157114:12:51	b750d221-27ec-4866-88e9-238979080e51	GET	/notes	http://localhost:3000
20230516/168427157314:12:53	2720c492-dbb9-4439-aa65-13d4c0f35f0e	GET	/notes	http://localhost:3000
20230516/168427158914:13:09	31a4f87e-f8d7-46bb-91a2-3008970b1d71	OPTIONS	/notes	http://localhost:3000
20230516/168427158914:13:09	652a102f-a6b7-4070-8bb7-f91d36683099	GET	/notes	http://localhost:3000
20230516/168427159914:13:19	a4a11874-a073-47b4-ab83-7a8bee44aa35	OPTIONS	/notes	http://localhost:3000
20230516/168427159914:13:19	9c1f3a16-22ae-4716-a569-eef0dcf740a7	GET	/notes	http://localhost:3000
20230516/168427160114:13:21	383cb85b-cfc0-4796-899e-c6471c6b5cc5	GET	/notes	http://localhost:3000
20230516/168427160914:13:29	aab00ec5-c539-44df-a286-a6126f9de74e	OPTIONS	/notes	http://localhost:3000
20230516/168427160914:13:29	2b3f1ebf-f8b5-44f9-9ac0-9d69116710ce	GET	/notes	http://localhost:3000
20230516/168427161814:13:38	b7cbe5fb-8e34-4d5c-abf1-ec7388010a3d	OPTIONS	/notes	http://localhost:3000
20230516/168427161814:13:38	658a2f00-d0e8-49e9-bb2f-31bd7f40409d	GET	/notes	http://localhost:3000
20230516/168427161914:13:39	04201a0d-2c13-4f5f-a049-2680d676a5b5	GET	/notes	http://localhost:3000
20230516/168427162314:13:43	fd551f12-5f58-4893-a659-f08684263fdd	OPTIONS	/notes	http://localhost:3000
20230516/168427162314:13:43	e290aab7-2209-4d4e-a63a-0412f00a42b6	GET	/notes	http://localhost:3000
20230516/168427163014:13:50	7c344ff9-ca6e-4e9e-b013-004904ad38b7	OPTIONS	/notes	http://localhost:3000
20230516/168427163014:13:50	5b72e25b-0897-4a77-b1f4-1cd7469cd191	GET	/notes	http://localhost:3000
20230516/168427164514:14:05	858ff1eb-4532-43f4-87fc-007082722354	OPTIONS	/notes	http://localhost:3000
20230516/168427164514:14:05	6ba5088c-a2ce-4996-8be3-ceb23e926373	GET	/notes	http://localhost:3000
20230516/168427166114:14:21	1ea2fa7d-f370-4d17-a8ad-2efed653b6cd	OPTIONS	/notes	http://localhost:3000
20230516/168427166114:14:21	265bbe30-632b-4ed8-9775-ade7d63477e0	GET	/notes	http://localhost:3000
20230516/168427166514:14:25	fcca48f6-d7a2-4dad-ae5c-08e3cd4ceecc	GET	/notes	http://localhost:3000
20230516/168427167214:14:32	05bc3ff7-d92b-4ed3-96f2-68a09a0607aa	OPTIONS	/notes	http://localhost:3000
20230516/168427167214:14:32	4b95dbd4-dd5a-4aa4-b528-3a2e5482612d	GET	/notes	http://localhost:3000
20230516/168427167614:14:36	d6db7746-435d-42c2-92f6-0418c1c9e5a1	GET	/notes	http://localhost:3000
20230516/168427167714:14:37	c2c01003-3f81-4e80-b227-6f686ed62b04	OPTIONS	/notes	http://localhost:3000
20230516/168427167714:14:37	4c27771c-ae5c-4b64-b070-a5ad74ef51c5	GET	/notes	http://localhost:3000
20230516/168427170514:15:05	8de954c2-eabf-4f1e-8a6b-a77466cdff87	OPTIONS	/notes	http://localhost:3000
20230516/168427170514:15:05	bc884012-1d84-4633-99e3-862e790836cc	POST	/notes	http://localhost:3000
20230516/168427170514:15:05	7b97f276-1d19-49ff-ab46-ac724efe1c46	GET	/notes	http://localhost:3000
20230516/168427170514:15:05	9c629700-3473-42e9-9225-c40b6528783c	GET	/notes	http://localhost:3000
20230516/168427171214:15:12	79182ab9-3868-480b-9114-ace486678160	OPTIONS	/notes	http://localhost:3000
20230516/168427171214:15:12	13152cbd-afc9-4e5f-9ade-81983a5a4e03	GET	/notes	http://localhost:3000
20230516/168427171414:15:14	6b9cff97-ec0f-441d-af58-851861e7aa04	GET	/notes	http://localhost:3000
20230516/168427173014:15:30	70bda97b-7bc9-431d-a585-4dc54992c4fe	OPTIONS	/notes	http://localhost:3000
20230516/168427173014:15:30	c5e5276c-5e2c-4a53-906c-f78418208af8	GET	/notes	http://localhost:3000
20230516/168427173214:15:32	1a866d5d-4097-4f95-8d71-d71bf043093a	GET	/notes	http://localhost:3000
20230516/168427174914:15:49	f6526746-b360-456b-b565-53d884101fbc	OPTIONS	/notes	http://localhost:3000
20230516/168427174914:15:49	87160464-1c07-4883-8461-a7fbc3f8c216	GET	/notes	http://localhost:3000
20230516/168427175014:15:50	c34ac8c5-10f9-4a0b-a770-930d09f7c453	GET	/notes	http://localhost:3000
20230516/168427175514:15:55	6987f9b1-c85b-48b8-8cbd-6441360739e5	OPTIONS	/notes	http://localhost:3000
20230516/168427175514:15:55	a43f81e4-b66d-44d7-bfed-06ff7e25df41	GET	/notes	http://localhost:3000
20230516/168427176414:16:04	cc98720b-e0cb-4ebd-aa3c-5b14a4e07f82	OPTIONS	/notes	http://localhost:3000
20230516/168427176414:16:04	cef6f863-8d18-49ba-a47e-f610fd98c670	GET	/notes	http://localhost:3000
20230516/168427178214:16:22	27064785-0512-47f0-93c8-740eddf0d36a	OPTIONS	/notes	http://localhost:3000
20230516/168427178214:16:22	80fdc9db-349e-4ef1-bb61-d5cd164814e5	POST	/notes	http://localhost:3000
20230516/168427178214:16:22	d1fb75b4-2a07-4d7e-87c8-0faf0a21083c	GET	/notes	http://localhost:3000
20230516/168427178314:16:23	2ebbdbee-a0ed-4d03-9f98-9d4c8715bbd8	GET	/notes	http://localhost:3000
20230516/168427178714:16:27	4bb83332-f43b-4ede-8d66-f341f42c969e	GET	/notes	http://localhost:3000
20230516/168427178714:16:27	f936d5a1-df64-4a1a-bb69-e52df37039c9	OPTIONS	/auth/logout	http://localhost:3000
20230516/168427178714:16:27	1032e588-3336-4615-a6ea-8ebddc35a6be	POST	/auth/logout	http://localhost:3000
20230516/168427179414:16:34	d03c2a7b-68f2-44a4-8e06-43168a704ab9	OPTIONS	/auth	http://localhost:3000
20230516/168427179414:16:34	2e1b94ea-cd15-4bd1-968b-8d57b2da674b	POST	/auth	http://localhost:3000
20230516/168427179414:16:34	0793a187-38e8-48c7-b81e-b8fb11915e75	OPTIONS	/notes	http://localhost:3000
20230516/168427179414:16:34	d412aa9a-7c05-4fa5-8f05-73afcca0de99	OPTIONS	/users	http://localhost:3000
20230516/168427179414:16:34	43c49e6f-3ee3-4502-abac-659f87ca0638	GET	/notes	http://localhost:3000
20230516/168427179414:16:34	b5614432-51f7-4ca3-baf2-e27f7bd516d0	GET	/users	http://localhost:3000
20230516/168427179814:16:38	e80a85f5-d84a-47eb-906e-2a42ab434cbe	GET	/notes	http://localhost:3000
20230516/168427180614:16:46	35313eda-a770-4b74-9c1e-2541bf548b7a	OPTIONS	/notes	http://localhost:3000
20230516/168427180614:16:46	77982cea-3751-4811-b570-8c3be57eae42	GET	/notes	http://localhost:3000
20230516/168427181214:16:52	9539d5a1-73e3-4ba9-8ac6-6af8c0c62ecb	OPTIONS	/auth/logout	http://localhost:3000
20230516/168427181214:16:52	81308bed-4fca-4ddb-938c-c0d9555d3b87	POST	/auth/logout	http://localhost:3000
20230516/168427182014:17:00	baba4b3b-e29e-42d8-8b72-25205b2c3088	OPTIONS	/auth	http://localhost:3000
20230516/168427182014:17:00	4ac61dfc-fbf4-4f01-9c70-e84a14569e7d	POST	/auth	http://localhost:3000
20230516/168427182014:17:00	3fdebb4f-28f4-4e9e-bc78-cf324a723924	OPTIONS	/notes	http://localhost:3000
20230516/168427182014:17:00	6351110b-44be-4376-b5a0-716f2175f4af	OPTIONS	/users	http://localhost:3000
20230516/168427182014:17:00	afc21c19-5641-402c-a9eb-0a53f022550e	GET	/notes	http://localhost:3000
20230516/168427182014:17:00	ac25fce9-038f-45b6-b75f-930b064b3a63	GET	/users	http://localhost:3000
20230516/168427182414:17:04	2f4d4b74-bbdf-44d8-92cb-a9749d514137	GET	/notes	http://localhost:3000
20230516/168427184414:17:24	deb9b114-87d2-4c2b-bd53-5570dc5ac022	OPTIONS	/notes	http://localhost:3000
20230516/168427184414:17:24	fc24250e-ea93-4006-a87c-9041d37aecf5	POST	/notes	http://localhost:3000
20230516/168427184414:17:24	b71f9ea2-b5fc-4088-b8fb-d0c3f66228b6	GET	/notes	http://localhost:3000
20230516/168427184414:17:24	f5d31bbe-a76b-4350-8962-efcfacfb7e5f	GET	/notes	http://localhost:3000
20230516/168427185514:17:35	c87c92bc-cd6a-4bc1-a262-31d546757266	OPTIONS	/notes	http://localhost:3000
20230516/168427185514:17:35	15932b3a-271c-4fd6-a908-90916ff641be	PATCH	/notes	http://localhost:3000
20230516/168427185514:17:35	fdd529fd-d6bd-4959-a88e-d478285f0f0b	GET	/notes	http://localhost:3000
20230516/168427185514:17:35	d0bd293d-362d-4ae7-8562-be8f77ca8d10	GET	/notes	http://localhost:3000
20230516/168427186014:17:40	730853f0-5fbc-4d51-8e8b-c019c0d567ad	GET	/notes	http://localhost:3000
20230516/168427186214:17:42	3662383a-bf3d-48b2-8576-906610f55ff8	OPTIONS	/auth/logout	http://localhost:3000
20230516/168427186214:17:42	b1824221-b185-4b46-82c2-a1141b308568	POST	/auth/logout	http://localhost:3000
20230516/168427186814:17:48	533625e5-c53c-4ade-a1e8-c02a9ddbb875	OPTIONS	/auth	http://localhost:3000
20230516/168427186814:17:48	315ce0a9-be8b-44d4-adc6-72929066d29a	POST	/auth	http://localhost:3000
20230516/168427186914:17:49	5d889f71-87c7-48ab-8611-3844e64693df	OPTIONS	/notes	http://localhost:3000
20230516/168427186914:17:49	c658bdab-7d7e-4764-91fb-e186e2368673	OPTIONS	/users	http://localhost:3000
20230516/168427186914:17:49	3b60f2fa-2296-429f-8ac2-557207e05f03	GET	/notes	http://localhost:3000
20230516/168427186914:17:49	ea5cb3ff-bc50-4975-a5dc-863f47dc152d	GET	/users	http://localhost:3000
20230516/168427187214:17:52	16e1fd1c-23e5-4184-831f-6140aca4830a	GET	/notes	http://localhost:3000
20230516/168427187614:17:56	86730c0d-99fa-4b00-81cf-b55e3a05ed52	OPTIONS	/notes	http://localhost:3000
20230516/168427187614:17:56	6f7ae053-3ffd-4cf2-9453-3000d36468c5	GET	/notes	http://localhost:3000
20230516/168427188414:18:04	fa531650-3261-4fab-97fe-2f48f1058564	OPTIONS	/notes	http://localhost:3000
20230516/168427188414:18:04	8fb3ce87-9be8-49e7-aede-d00585f0f368	GET	/notes	http://localhost:3000
20230516/168427189114:18:11	efbcba77-a049-4a9f-912c-23588cc4cb42	OPTIONS	/notes	http://localhost:3000
20230516/168427189114:18:11	992ea362-74e3-4f89-8b5c-5631898c5dde	GET	/notes	http://localhost:3000
20230516/168427189514:18:15	f7be073a-2b8a-4f5e-be8a-d87bf47bff5e	GET	/notes	http://localhost:3000
20230516/168427191114:18:31	2545495b-6def-4387-a22d-e5d5fb1983c3	OPTIONS	/notes	http://localhost:3000
20230516/168427191114:18:31	79a6e5da-4512-4774-b820-c9a99dcfcc0f	GET	/notes	http://localhost:3000
20230516/168427192714:18:47	dbe4bc69-9991-4c64-b8ed-6bdaab723ef6	OPTIONS	/notes	http://localhost:3000
20230516/168427192714:18:47	ec191427-1537-4ba0-bfc8-da671b4e170d	GET	/notes	http://localhost:3000
20230516/168427194314:19:03	77bc0dc8-89d0-4200-9369-b9f6a974e480	OPTIONS	/notes	http://localhost:3000
20230516/168427194314:19:03	6bc8101d-89bb-476c-8a8d-969f23c13c92	GET	/notes	http://localhost:3000
20230516/168427195614:19:16	7defd4c1-f185-460a-882e-715a510d98bc	OPTIONS	/notes	http://localhost:3000
20230516/168427195614:19:16	f1b7953f-28ef-47fd-9f7a-e4b0b5824af5	GET	/notes	http://localhost:3000
20230516/168427197214:19:32	33f522ec-ac2e-4cd1-b230-a507ac7ae045	OPTIONS	/notes	http://localhost:3000
20230516/168427197214:19:32	9d2cc11c-a49d-4981-905b-d161193f0734	GET	/notes	http://localhost:3000
20230516/168427198814:19:48	dfda26b3-e413-4cfd-8fb1-845af8cff924	OPTIONS	/notes	http://localhost:3000
20230516/168427198814:19:48	21e93a75-940a-4911-a95d-c566e5609f57	GET	/notes	http://localhost:3000
20230516/168427200414:20:04	e8f1ae6f-6e77-4e74-8089-346233b818a5	OPTIONS	/notes	http://localhost:3000
20230516/168427200414:20:04	180736d0-d9ef-4646-82b9-44a4c719aa83	GET	/notes	http://localhost:3000
20230516/168427201114:20:11	3335ab10-8a51-48af-a614-3a8802c9a867	OPTIONS	/notes	http://localhost:3000
20230516/168427201114:20:11	91a8c8fd-b5c5-46cc-ac8b-db80f9fd486f	GET	/notes	http://localhost:3000
20230516/168427201414:20:14	f1de5529-c590-4447-b0e8-6ae255e2dd21	GET	/notes	http://localhost:3000
20230516/168427202614:20:26	b2ff42cd-318b-4d6a-a81f-242c9ff8df96	OPTIONS	/notes	http://localhost:3000
20230516/168427202614:20:26	8684a13c-1a53-41e0-b207-a34f2d0a4be1	GET	/notes	http://localhost:3000
20230516/168427203614:20:36	e7bd51cb-000b-45f7-b7a9-2efac21fbed8	OPTIONS	/notes	http://localhost:3000
20230516/168427203614:20:36	01b078e9-8bb9-4425-8709-17ac24fc8bbe	GET	/notes	http://localhost:3000
20230516/168427204014:20:40	63d12cf0-9dd7-4dbf-96be-5eb2af1968e5	GET	/notes	http://localhost:3000
20230516/168427204314:20:43	6e9bed69-f619-46c8-8781-2e06c9b27e72	OPTIONS	/users	http://localhost:3000
20230516/168427204314:20:43	761fbfd6-845e-447b-becb-fe7f511f5cf7	GET	/users	http://localhost:3000
20230516/168427205314:20:53	62fa3018-e30e-4b19-86e9-6750799d2c33	OPTIONS	/users	http://localhost:3000
20230516/168427205314:20:53	f650962f-b2d9-4bd9-80f4-241d412b537b	GET	/users	http://localhost:3000
20230516/168427211314:21:53	bcca0967-314a-4339-96c1-47cbd6db5ed9	OPTIONS	/users	http://localhost:3000
20230516/168427211314:21:53	73bf8ed3-1fac-4f68-82f5-db4ef4acfe0b	GET	/users	http://localhost:3000
20230516/168427212814:22:08	dadf1e18-6197-4f51-8718-d5a9cd10b76c	OPTIONS	/users	http://localhost:3000
20230516/168427212814:22:08	83daddb3-8140-4f26-8e38-82a1758aa17b	GET	/users	http://localhost:3000
20230516/168427218814:23:08	1c99e570-2e14-45a1-8bb2-b06ee8fd84d5	OPTIONS	/users	http://localhost:3000
20230516/168427218814:23:08	96fc6743-aa7b-4c26-a144-260e2145e452	GET	/users	http://localhost:3000
20230516/168427219014:23:10	fae3f295-6449-4630-854a-6e53388efd52	GET	/users	http://localhost:3000
20230516/168427219114:23:11	0d48eda9-4402-4cf5-b78a-2758bb0308da	GET	/users	http://localhost:3000
20230516/168427219214:23:12	47d3325d-3b76-45cb-9474-c4a87a758f34	GET	/users	http://localhost:3000
20230516/168427219514:23:15	b14a834f-d94b-47a5-b108-72c18dba8ccf	OPTIONS	/users	http://localhost:3000
20230516/168427219514:23:15	33b12377-4f06-4f76-9656-ec42ab9a718e	GET	/users	http://localhost:3000
20230516/168427219514:23:15	0a8528fb-9cee-4fbf-ad9f-c6ccc1cae4b8	GET	/users	http://localhost:3000
20230516/168427219514:23:15	bde1eb4f-65c3-47c0-afe6-79f00cb86611	GET	/notes	http://localhost:3000
20230516/168427219514:23:15	ae1b616e-f210-41b6-9acd-f9228435912e	GET	/users	http://localhost:3000
20230516/168427219914:23:19	87b5e730-1cb0-4dd4-8313-e8d0bcf633b8	GET	/users	http://localhost:3000
20230516/168427219914:23:19	6701d7c6-a5d9-4527-8340-6d948d959dd5	GET	/users	http://localhost:3000
20230516/168427219914:23:19	1d9135e1-2bee-43f9-a7c5-a1cc5e06c8d8	GET	/notes	http://localhost:3000
20230516/168427219914:23:19	7cd4d237-86b5-44df-8205-5ea145750ef4	GET	/users	http://localhost:3000
20230516/168427220214:23:22	fb94dcb7-74fc-43ff-a9be-1db4d0fe4504	POST	/auth/logout	http://localhost:3000
20230516/168427221014:23:30	23a5339f-5382-484f-a456-f22f6c1bc618	OPTIONS	/auth	http://localhost:3000
20230516/168427221014:23:30	6858af6e-75d8-420a-ac37-56bc32c943f0	POST	/auth	http://localhost:3000
20230516/168427221014:23:30	bbc55063-a1b4-45d0-a3dc-9700b43cda0b	OPTIONS	/notes	http://localhost:3000
20230516/168427221014:23:30	7ed1d166-c283-4714-87b3-f09c87a1c3af	OPTIONS	/users	http://localhost:3000
20230516/168427221014:23:30	57cab890-d85c-4d36-945c-8bf933e441a0	GET	/notes	http://localhost:3000
20230516/168427221014:23:30	f30e5275-5204-4922-8ff9-085ea1bea65c	GET	/users	http://localhost:3000
20230516/168427221714:23:37	0a56068c-d3a4-4065-9202-ca5c4c4a64d7	GET	/users	http://localhost:3000
20230516/168427221714:23:37	00a51f72-b28a-453e-b57f-f0dee4068025	GET	/notes	http://localhost:3000
20230516/168427221714:23:37	1683ae0e-9270-4047-8f69-1f3f9e546756	GET	/users	http://localhost:3000
20230516/168427222714:23:47	6aea6f34-f9ca-44b5-95ec-7647dfcf5373	GET	/users	http://localhost:3000
20230516/168427231414:25:14	b2c15a94-e71d-4d64-909f-80fbbe63a66b	OPTIONS	/auth	http://localhost:3000
20230516/168427231414:25:14	be243579-e052-4da4-8a95-e2d96ccf55c2	POST	/auth	http://localhost:3000
20230516/168427231514:25:15	f38a905e-6532-4b73-b12f-2ee90ab0e383	OPTIONS	/notes	http://localhost:3000
20230516/168427231514:25:15	bfe31584-dd01-4552-8073-7a90b4b11f2f	OPTIONS	/users	http://localhost:3000
20230516/168427231514:25:15	bad70f67-9dac-4d29-8623-58ca0a44c663	GET	/notes	http://localhost:3000
20230516/168427231514:25:15	fb4552de-8e08-4578-b136-addc9d4de80d	GET	/users	http://localhost:3000
20230516/168427232414:25:24	ed06cd33-b118-4fc2-9d68-395267bb98c3	GET	/users	http://localhost:3000
20230516/168427232414:25:24	4c7d1ac5-f2ea-40a5-b5c7-48ff4043335a	GET	/users	http://localhost:3000
20230516/168427232414:25:24	ed05148b-5ed6-4a98-b17a-bba6ef1031c3	GET	/notes	http://localhost:3000
20230516/168427232414:25:24	812ab0f4-7f8a-47f8-a9e1-fa7c579b51d0	GET	/users	http://localhost:3000
20230516/168427237714:26:17	2ff563ef-6a91-4c76-a398-344208fff899	GET	/users	http://localhost:3000
20230516/168427238014:26:20	7f941c55-0542-4989-9fe9-ac58ed89c4b9	GET	/users	http://localhost:3000
20230516/168427238014:26:20	00ca56e4-db2d-45ea-959f-a1321fcf3df8	POST	/auth/logout	http://localhost:3000
20230516/168427238614:26:26	901b558c-75d9-4bf0-80dc-34633634cf2c	GET	/users	http://localhost:3000
20230516/168427238614:26:26	40d7ff38-5a79-40fc-b81a-6a0e3dfe9f1b	GET	/notes	http://localhost:3000
20230516/168427238614:26:26	e43423c7-876a-47d9-b297-6fd3bd36a526	GET	/users	http://localhost:3000
20230516/168427238614:26:26	ac63ab7e-d1ce-401d-b982-7acbc7ac6de2	GET	/users	http://localhost:3000
20230516/168427244614:27:26	d58cd96b-3305-41f5-a300-abe85687fdd4	GET	/users	http://localhost:3000
20230516/168427250714:28:27	ec435445-79d7-4ba7-a487-5302c38b215d	GET	/users	http://localhost:3000
20230516/168427254814:29:08	bf88932f-c883-4970-a299-21d85b518bfb	GET	/users	http://localhost:3000
20230516/168427256114:29:21	6f65b866-5b6b-4556-8d15-b9c4976b9edd	GET	/users	http://localhost:3000
20230516/168427256214:29:22	2eb4542a-3192-4e58-a8ae-3572d7072278	GET	/users	http://localhost:3000
20230516/168427256314:29:23	ac15d44b-50be-4a72-ba55-fa0d62a4cf15	GET	/users	http://localhost:3000
20230516/168427256314:29:23	9fe9c108-0945-4935-8cc0-ad28a306d1d5	GET	/users	http://localhost:3000
20230516/168427256314:29:23	db41687e-8b4f-41e8-8135-61600e19b7be	GET	/notes	http://localhost:3000
20230516/168427256314:29:23	a11e656e-935c-43d1-9f5f-028cc4fb3970	GET	/users	http://localhost:3000
20230516/168427257114:29:31	2501f431-36c9-4d13-8982-42afcfeb892b	POST	/auth/logout	http://localhost:3000
20230516/168427258014:29:40	e96c11b3-91d6-45e2-b96a-67f9b38203fa	GET	/users	http://localhost:3000
20230516/168427258014:29:40	615eda21-6b37-4413-9a81-6fad0ba68352	GET	/notes	http://localhost:3000
20230516/168427258014:29:40	e84f82f3-d985-4813-9ee6-73135ab2b925	GET	/users	http://localhost:3000
20230516/168427258514:29:45	8faa6edc-0228-4e78-b607-a8de3fbc76ba	GET	/notes	http://localhost:3000
20230516/168427258914:29:49	de0779a8-8ddd-45ab-9dfb-510544246d53	GET	/notes	http://localhost:3000
20230516/168427259014:29:50	5217009f-1042-42a1-a462-3a510d6848fd	GET	/notes	http://localhost:3000
20230516/168427259114:29:51	b33f5abf-cee2-4dff-97d3-3d1bce2f5414	POST	/auth/logout	http://localhost:3000
20230516/168427260114:30:01	255a5aa6-692e-4a64-a52f-78f8a0cc056f	GET	/users	http://localhost:3000
20230516/168427260114:30:01	3d462c1e-5794-461c-81a0-aceb5c1e830f	GET	/notes	http://localhost:3000
20230516/168427260114:30:01	72fa0e70-f473-4196-a2a9-c49459db4174	GET	/users	http://localhost:3000
20230516/168427260114:30:01	9001835e-51f2-49eb-9acc-e1ef0e77d162	GET	/users	http://localhost:3000
20230516/168427261514:30:15	7294a532-6025-4121-8ae5-d2c885502b2e	GET	/users	http://localhost:3000
20230516/168427261514:30:15	7910aa09-6838-469c-8fc4-a7e42ba3c333	GET	/notes	http://localhost:3000
20230516/168427261514:30:15	a48ef9e0-c737-44fb-ba2e-0c6c71782d04	GET	/users	http://localhost:3000
20230516/168427266114:31:01	98a19e57-f30a-4cbd-8b97-0b4fc1e8b417	GET	/users	http://localhost:3000
20230516/168427266114:31:01	f1b55ecb-a0e3-4643-9278-08eb5bcc7b14	GET	/notes	http://localhost:3000
20230516/168427266114:31:01	1dc70ae5-248e-4944-8a47-752a9e4a3da9	GET	/users	http://localhost:3000
20230516/168427268014:31:20	07bf03cd-f66d-4dc2-ad22-3064b2119e2b	GET	/users	http://localhost:3000
20230516/168427274114:32:21	03eb2d5a-41c6-4251-af5e-cf32fbfdd18f	GET	/users	http://localhost:3000
20230516/168427274914:32:29	71e84939-c455-41c7-881d-d451e47bbabd	GET	/users	http://localhost:3000
20230516/168427276514:32:45	b8de1395-0956-4f63-9532-a689d23bd77b	GET	/users	http://localhost:3000
20230516/168427277514:32:55	f3841524-7088-4d92-aa37-df7737c3876b	GET	/users	http://localhost:3000
20230516/168427277614:32:56	dfe43307-ab31-46f4-a6f7-748158a6510e	GET	/users	http://localhost:3000
20230516/168427279814:33:18	058899b1-ed9b-4f71-9a47-0303079155df	GET	/users	http://localhost:3000
20230516/168427279914:33:19	7f50990f-1384-4730-ba5b-0a12e3bd3bc3	GET	/users	http://localhost:3000
20230516/168427280514:33:25	fef66c02-e701-400e-bdde-27d35a825308	GET	/users	http://localhost:3000
20230516/168427328814:41:28	b05997b2-fd62-4375-b485-1b7790a134f6	OPTIONS	/auth	http://localhost:3000
20230516/168427328814:41:28	4f2f1d69-e53c-40f5-8692-f2ee9a76c5f3	POST	/auth	http://localhost:3000
20230516/168427328814:41:28	24b4527a-c078-4333-b295-712cec163129	OPTIONS	/notes	http://localhost:3000
20230516/168427328814:41:28	3ea7aca5-f2ab-4577-9574-25eed325c279	OPTIONS	/users	http://localhost:3000
20230516/168427328814:41:28	93d79449-8afc-4471-8caa-c76e2dd85f53	GET	/notes	http://localhost:3000
20230516/168427328814:41:28	ed195f21-8ea9-4339-a9a2-f29a07fe77c9	GET	/users	http://localhost:3000
20230516/168427332414:42:04	db7be9e6-ef4b-4f50-83b7-0245da02eb7f	OPTIONS	/auth	http://localhost:3000
20230516/168427332414:42:04	b2dc33d5-2f6c-4000-ba28-9ddccd69f5b5	POST	/auth	http://localhost:3000
20230516/168427332414:42:04	bf9a66ca-def3-4ce2-8f8b-23f33a51c4de	OPTIONS	/notes	http://localhost:3000
20230516/168427332414:42:04	f636c48a-9c62-4072-9f1c-4877a9f29fa6	OPTIONS	/users	http://localhost:3000
20230516/168427332414:42:04	6e5f4c27-a18f-4f79-9b19-b2f38cde1dd6	GET	/users	http://localhost:3000
20230516/168427332414:42:04	55ffadd4-5672-4de0-93b3-002d8b465cda	GET	/notes	http://localhost:3000
20230516/168427334914:42:29	b4afaf1f-9a39-4c6d-acf4-c316e54e5579	OPTIONS	/auth	http://localhost:3000
20230516/168427334914:42:29	4e2e3c9c-1dff-448d-aaec-39001455a8ef	POST	/auth	http://localhost:3000
20230516/168427334914:42:29	9dbb9fab-68f2-41fa-8650-58aeb328a291	OPTIONS	/notes	http://localhost:3000
20230516/168427334914:42:29	0db86f2f-ddfe-460e-be92-020be21f94d2	OPTIONS	/users	http://localhost:3000
20230516/168427334914:42:29	36bb85ae-e35b-4f7d-a1f0-0c409041bb31	GET	/notes	http://localhost:3000
20230516/168427334914:42:29	dc534d31-a334-4f13-8115-bad303f6280f	GET	/users	http://localhost:3000
20230516/168427335214:42:32	d92db200-4371-4acc-a7f4-802518f1cc27	GET	/notes	http://localhost:3000
20230516/168427336814:42:48	8f9b9962-c8eb-44b2-8c4b-24cf1b9b8cce	OPTIONS	/notes	http://localhost:3000
20230516/168427336814:42:48	ef546dfb-582e-43ac-8997-2c8041215ec3	GET	/notes	http://localhost:3000
20230516/168427338414:43:04	62535b34-971d-4eb1-83b1-24ec897081c8	OPTIONS	/notes	http://localhost:3000
20230516/168427338414:43:04	02513c4f-cf6b-4002-8fe4-3de860bc731a	GET	/notes	http://localhost:3000
20230516/168427340014:43:20	6b82a739-3a90-4faf-ac3a-035919549374	OPTIONS	/notes	http://localhost:3000
20230516/168427340014:43:20	eea7b253-888e-4172-9848-af064157cd31	GET	/notes	http://localhost:3000
20230516/168427341614:43:36	a951f7db-42b2-410b-9ba9-62c7a71581f3	OPTIONS	/notes	http://localhost:3000
20230516/168427341614:43:36	dc250e80-7c6a-48d9-bf00-c4cb5f7466d6	GET	/notes	http://localhost:3000
20230516/168427343514:43:55	a55338cd-6ade-4797-8c2a-4de52cfbc83e	OPTIONS	/notes	http://localhost:3000
20230516/168427343514:43:55	4b4913d7-d8f2-40c9-8df3-4a79c41be5de	GET	/notes	http://localhost:3000
20230516/168427345114:44:11	b69d2ee9-3077-495f-a24a-e74b703ae633	OPTIONS	/notes	http://localhost:3000
20230516/168427345114:44:11	551e54b8-01c7-4e72-a576-9f4487d28095	GET	/notes	http://localhost:3000
20230516/168427346714:44:27	02da577b-9edf-4d85-aab4-8116de4ffbbe	OPTIONS	/notes	http://localhost:3000
20230516/168427346714:44:27	bf606f53-d36c-4c15-8597-3bb00834e87f	GET	/notes	http://localhost:3000
20230516/168427348314:44:43	9daaf06e-e711-402d-89f6-d081afc6322a	OPTIONS	/notes	http://localhost:3000
20230516/168427348314:44:43	88e99e18-b7e7-48ff-995f-54a03225143c	GET	/notes	http://localhost:3000
20230516/168427350014:45:00	18210120-a7ac-45b8-880b-3396d111e748	OPTIONS	/notes	http://localhost:3000
20230516/168427350014:45:00	31abe305-accc-4245-8a42-6af5492d1a0a	GET	/notes	http://localhost:3000
20230516/168427351614:45:16	881b73fe-6c0e-4700-81a8-60ab5d249140	OPTIONS	/notes	http://localhost:3000
20230516/168427351614:45:16	e669ad22-f2fd-48d1-9fce-0e9744c36d1d	GET	/notes	http://localhost:3000
20230516/168427353914:45:39	9ad6c42d-02f6-4dfe-a5d1-2fb9c59cbacf	OPTIONS	/notes	http://localhost:3000
20230516/168427353914:45:39	03ccf543-420d-4d5c-bfe6-f65916329841	GET	/notes	http://localhost:3000
20230516/168427354014:45:40	a437c852-acc8-4da9-83e8-94234b6fff29	GET	/notes	http://localhost:3000
20230516/168427354314:45:43	6a660158-55ab-4980-a09c-8fc64e4e0e58	GET	/notes	http://localhost:3000
20230516/168427355914:45:59	2de3aeed-36d3-4ce3-9c13-a90f1c6c7187	OPTIONS	/notes	http://localhost:3000
20230516/168427355914:45:59	7377104a-657e-427f-bdac-e022bb55862b	GET	/notes	http://localhost:3000
20230516/168427357514:46:15	9eaedfa7-360a-4e5e-91dd-fc44686781a1	OPTIONS	/notes	http://localhost:3000
20230516/168427357514:46:15	d19395bc-7254-4992-8784-5e894965e181	GET	/notes	http://localhost:3000
20230516/168427359114:46:31	31e24d34-ead5-40bc-bd98-394924013060	OPTIONS	/notes	http://localhost:3000
20230516/168427359114:46:31	158c26db-a2a0-4cc3-9330-9d31aabc5041	GET	/notes	http://localhost:3000
20230516/168427360814:46:48	0ad81bb8-e946-4bb9-9e2d-6edff3e17e09	OPTIONS	/notes	http://localhost:3000
20230516/168427360814:46:48	d1ca6137-193e-4c25-bbf5-0b875b77b73a	GET	/notes	http://localhost:3000
20230516/168427362514:47:05	b349d00e-84cb-4e6e-bc26-12ba0ea563fa	OPTIONS	/notes	http://localhost:3000
20230516/168427362514:47:05	4bf69d8e-38aa-49cd-8357-85291a8985de	GET	/notes	http://localhost:3000
20230516/168427364314:47:23	cc80bb6f-343b-41ca-a24d-188bae58eb97	OPTIONS	/notes	http://localhost:3000
20230516/168427364314:47:23	8d28410c-8c0e-41b1-a182-320eba52eb32	GET	/notes	http://localhost:3000
20230516/168427366714:47:47	69f98698-2c5c-4909-8e28-523e8c8c029c	OPTIONS	/notes	http://localhost:3000
20230516/168427366714:47:47	63074642-25f1-4f48-bfb5-b7285d86a0ea	GET	/notes	http://localhost:3000
20230516/168427368814:48:08	f05b6762-f4e4-4bfc-a09b-1c9861c9ef73	OPTIONS	/notes	http://localhost:3000
20230516/168427368814:48:08	60b41618-61c4-4a65-b70d-77335ffaedc2	GET	/notes	http://localhost:3000
20230516/168427370714:48:27	750da0fd-6818-43d7-bac8-6c1435e6f7d1	OPTIONS	/notes	http://localhost:3000
20230516/168427370714:48:27	2a952b72-2a5c-441f-8f83-e73fe04a99da	GET	/notes	http://localhost:3000
20230516/168427371214:48:32	5a3da9d6-9732-43e3-804b-c1e00a9fb767	OPTIONS	/notes	http://localhost:3000
20230516/168427371214:48:32	252eb98c-bc5d-49fc-87f2-9bccaf9341d4	GET	/notes	http://localhost:3000
20230516/168427371914:48:39	f3124076-2b8b-44e1-b04f-d29990c05181	OPTIONS	/notes	http://localhost:3000
20230516/168427371914:48:39	d3bc722e-a2c7-470b-a4cf-51a8b4030e77	GET	/notes	http://localhost:3000
20230516/168427372414:48:44	e2227345-4300-48db-8ac6-c2a85e98b003	OPTIONS	/auth/logout	http://localhost:3000
20230516/168427372414:48:44	3cbc8867-5332-4233-afe8-e2cb5f4f820a	POST	/auth/logout	http://localhost:3000
20230516/168427372914:48:49	a006ded0-1128-49cd-bc7e-d5495f9f1286	OPTIONS	/auth	http://localhost:3000
20230516/168427372914:48:49	4a591aad-b934-4402-96f1-c4af22681fd6	POST	/auth	http://localhost:3000
20230516/168427372914:48:49	4d60cc28-4d49-4456-a742-77f5fae17a9d	OPTIONS	/notes	http://localhost:3000
20230516/168427372914:48:49	8fbadb56-a5eb-4266-b70d-3623417326fb	OPTIONS	/users	http://localhost:3000
20230516/168427372914:48:49	4cfd49c3-161a-4845-b0aa-557089d80556	GET	/notes	http://localhost:3000
20230516/168427372914:48:49	abd639a3-e3ef-42a6-b770-54911bd9e52e	GET	/users	http://localhost:3000
20230516/168427373414:48:54	0351541f-3581-49c8-97b8-841daf513895	GET	/notes	http://localhost:3000
20230516/168427373814:48:58	0c577822-5220-4555-ae3b-121f3ff6bdf9	OPTIONS	/auth/logout	http://localhost:3000
20230516/168427373814:48:58	b7226132-04b4-46cc-845e-66311b56ca20	POST	/auth/logout	http://localhost:3000
20230517/168436368115:48:01	37bf9cbc-4f94-4f7b-a107-5d0e5f48d633	OPTIONS	/auth	http://localhost:3000
20230517/168436368115:48:01	1eb37d4c-55b7-4018-b586-96f713554a8e	POST	/auth	http://localhost:3000
20230517/168436368115:48:01	524e1782-63fe-4021-8bb0-5e0bdcde7bc5	OPTIONS	/notes	http://localhost:3000
20230517/168436368115:48:01	4942ba51-00c1-40b8-987e-d78e8206bb80	OPTIONS	/users	http://localhost:3000
20230517/168436368115:48:01	794e2edd-d0d9-426c-a6a7-94a0ac51ac73	GET	/notes	http://localhost:3000
20230517/168436368115:48:01	e5de8f13-cd90-4332-bb8d-ad73c7438044	GET	/users	http://localhost:3000
20230517/168436368515:48:05	898ec3e4-9ab6-42ac-8e49-056bea2936b4	GET	/notes	http://localhost:3000
20230517/168436378015:49:40	370072c0-37aa-4a68-a624-eef0c27348d0	OPTIONS	/notes	http://localhost:3000
20230517/168436378015:49:40	f2617dc9-83d1-4d47-a0ef-4568393f06ab	GET	/notes	http://localhost:3000
20230627/168791410418:01:44	df566731-7246-4622-9e2b-a8e30c705f3c	GET	/	undefined
20230627/168791410418:01:44	1d740e66-2b0d-40dd-a321-8d5643a79bc6	GET	/css/style.css	undefined
20230627/168791410518:01:45	e42ba71b-e6fb-48d6-a9d5-079eecc2cf2c	GET	/favicon.ico	undefined
20230627/168791411818:01:58	14640b7b-3b51-4785-9787-aefbffd5ef1d	GET	/	undefined
20230627/168791412718:02:07	391a78ab-5371-4e1a-8b3e-a962ebc69561	POST	/auth	undefined
20230627/168791418018:03:00	bfb16dd4-cae1-457d-8307-4055ee87b9f6	POST	/dash	undefined
20230627/168791418618:03:06	fe77a2c1-2444-4337-b77b-7686a22301fc	POST	/login	undefined
20230627/168791419518:03:15	b925b878-58a7-4647-9eb9-f60924555940	POST	/users/new	undefined
20230627/168791420118:03:21	ac931b03-6ea3-4d40-a18f-45a6afbe81ec	POST	/auth	undefined
20230627/168791420918:03:29	227ea3a5-62ba-42eb-baac-0639deae929c	POST	/auth/logout	undefined
20230627/168791421318:03:33	f41c3108-d9de-4b98-9b27-3235408a4dea	POST	/auth	undefined
20230627/168791459418:09:54	de74906f-8445-4a04-8fc6-ab7e1da173b2	POST	/users	undefined
20230627/168791460218:10:02	d3098cad-e4ca-4d05-8f13-d3c5572cf9c9	POST	/auth	undefined
20230627/168791461718:10:17	92eab324-2222-4e6f-92ae-7a7bbd88520f	POST	/auth	undefined
20230627/168791468518:11:25	b8935e67-e5f9-476c-bcd4-8b6d1efef9eb	POST	/auth	undefined
20230627/168791476718:12:47	510b2b47-bb30-4730-a933-a451429e8cf0	POST	/auth	undefined
20230627/168791477518:12:55	643951b9-24c1-4fad-b656-7a6c82d1750f	POST	/auth	undefined
20230627/168791478218:13:02	5df21aff-5c4f-4835-a021-6823ff242078	POST	/auth	undefined
20230627/168791487118:14:31	8f59503e-bb54-425b-a22c-78d7089b1c3a	POST	/auth	undefined
20230627/168791488918:14:49	4a0c5d9b-023c-4fa0-83d4-547b8dc4fe30	POST	/users	undefined
20230627/168791506718:17:47	141892fd-34ca-4cc5-a0dd-7583789d4dd6	POST	/login	undefined
20230627/168791507318:17:53	c3fc8b7b-9183-4da4-8a7a-7f1599547f1b	GET	/login	undefined
20230627/168791512118:18:41	8b3637dd-8d0d-4709-a105-8b66266e8c69	POST	/login	undefined
